<?xml version="1.0" encoding="UTF-8"?>
<!-- Generated by org.testng.reporters.JUnitReportReporter -->
<testsuite hostname="Akshay" failures="0" tests="4" name="TestRunner.RunnerTest" time="17.917" errors="0" timestamp="2023-08-06T01:33:00 IST" skipped="0">
  <testcase classname="TestRunner.RunnerTest" name="runScenario" time="9.476"/>
  <system-out/>
  <testcase classname="TestRunner.RunnerTest" name="runScenario" time="3.684"/>
  <system-out/>
  <testcase classname="TestRunner.RunnerTest" name="runScenario" time="3.011"/>
  <system-out/>
  <testcase classname="TestRunner.RunnerTest" name="runScenario" time="1.746"/>
  <system-out/>
</testsuite> <!-- TestRunner.RunnerTest -->
