<?xml version="1.0" encoding="UTF-8"?>
<!-- Generated by org.testng.reporters.JUnitReportReporter -->
<testsuite hostname="LAPTOP-SJ" failures="0" tests="1" name="TestRunner.RunnerTest" time="28.696" errors="0" timestamp="2023-08-05T20:44:55 IST" skipped="0">
  <testcase classname="TestRunner.RunnerTest" name="runScenario" time="28.696"/>
  <system-out/>
</testsuite> <!-- TestRunner.RunnerTest -->
