<?xml version="1.0" encoding="UTF-8"?>
<!-- Generated by org.testng.reporters.JUnitReportReporter -->
<testsuite hostname="DESKTOP-NE5DNC7" failures="0" tests="3" name="TestRunner.RunnerTest" time="35.881" errors="0" timestamp="2023-08-05T22:16:17 IST" skipped="0">
  <testcase classname="TestRunner.RunnerTest" name="runScenario" time="24.068"/>
  <system-out/>
  <testcase classname="TestRunner.RunnerTest" name="runScenario" time="6.075"/>
  <system-out/>
  <testcase classname="TestRunner.RunnerTest" name="runScenario" time="5.738"/>
  <system-out/>
</testsuite> <!-- TestRunner.RunnerTest -->
