<?xml version="1.0" encoding="UTF-8"?>
<!-- Generated by org.testng.reporters.JUnitReportReporter -->
<testsuite hostname="SARITA" failures="0" tests="2" name="TestRunner.RunnerTest" time="45.358" errors="0" timestamp="2023-08-05T21:30:03 IST" skipped="0">
  <testcase classname="TestRunner.RunnerTest" name="runScenario" time="36.262"/>
  <system-out/>
  <testcase classname="TestRunner.RunnerTest" name="runScenario" time="9.096"/>
  <system-out/>
</testsuite> <!-- TestRunner.RunnerTest -->
